[35m[Appium][39m Welcome to Appium v1.16.0
[35m[Appium][39m Non-default server args:
[35m[Appium][39m   port: 56185
[35m[Appium][39m   loglevel: info
[35m[Appium][39m   chromeDriverPort: 56186
[35m[Appium][39m   tmpDir: /var/folders/y3/q6njhf652b9fbvx6gw7jhq6h0000gn/T//Katalon/Appium/Temp1584958259333
[35m[Appium][39m Appium REST http interface listener started on 0.0.0.0:56185
[35m[HTTP][39m [37m-->[39m [37mGET[39m [37m/wd/hub/status[39m
[35m[HTTP][39m [90m{}[39m
[35m[HTTP][39m [37m<-- GET /wd/hub/status [39m[32m200[39m [90m5 ms - 68[39m
[35m[HTTP][39m [90m[39m
[35m[HTTP][39m [37m-->[39m [37mGET[39m [37m/wd/hub/status[39m
[35m[HTTP][39m [90m{}[39m
[35m[HTTP][39m [37m<-- GET /wd/hub/status [39m[32m200[39m [90m1 ms - 68[39m
[35m[HTTP][39m [90m[39m
[35m[HTTP][39m [37m-->[39m [37mPOST[39m [37m/wd/hub/session[39m
[35m[HTTP][39m [90m{"desiredCapabilities":{"app":"/Users/joko/Downloads/sehatq-doctor-consultation-online-appointment_1.0.21.apk","noReset":true,"deviceName":"OPPO RMX1811 (Android 9)","fullReset":false,"platform":"ANDROID","newCommandTimeout":1800,"platformVersion":"9","automationName":"uiautomator2","autoGrantPermissions":true,"platformName":"Android","udid":"357723fe","systemPort":56198},"capabilities":{"firstMatch":[{"appium:app":"/Users/joko/Downloads/sehatq-doctor-consultation-online-appointment_1.0.21.apk","appium:autoGrantPermissions":true,"appium:automationName":"uiautomator2","appium:deviceName":"OPPO RMX1811 (Android 9)","appium:fullReset":false,"appium:newCommandTimeout":1800,"appium:noReset":true,"platform":"ANDROID","platformName":"android","appium:platformVersion":"9","appium:systemPort":56198,"appium:udid":"357723fe"}]}}[39m
[35m[BaseDriver][39m The capabilities ["platform"] are not standard capabilities and should have an extension prefix
[35m[Appium][39m Appium v1.16.0 creating new AndroidUiautomator2Driver (v1.40.0) session
[35m[BaseDriver][39m The following capabilities were provided, but are not recognized by Appium:
[35m[BaseDriver][39m   platform
[35m[BaseDriver][39m Session created with session id: 705020da-ef8d-496b-b25a-8b105332826f
[35m[BaseDriver][39m Using local app '/Users/joko/Downloads/sehatq-doctor-consultation-online-appointment_1.0.21.apk'
[35m[ADB][39m Found 1 'build-tools' folders under '/Users/joko/.katalon/tools/android_sdk' (newest first):
[35m[ADB][39m     /Users/joko/.katalon/tools/android_sdk/build-tools/28.0.3
[35m[ADB][39m Using 'adb' from '/Users/joko/.katalon/tools/android_sdk/platform-tools/adb'
[35m[AndroidDriver][39m Retrieving device list
[35m[AndroidDriver][39m Using device: 357723fe
[35m[ADB][39m Using 'adb' from '/Users/joko/.katalon/tools/android_sdk/platform-tools/adb'
[35m[UiAutomator2][39m Relaxing hidden api policy
[35m[ADB][39m Package name: 'com.she.sehatq'
[35m[ADB][39m Main activity name: 'com.she.sehatq.view.intro.SplashActivity'
[35m[ADB][39m Using 'apksigner' from '/Users/joko/.katalon/tools/android_sdk/build-tools/28.0.3/apksigner'
[35m[UiAutomator2][39m Server packages are not going to be (re)installed
[35m[UiAutomator2][39m Starting UIAutomator2 server 4.5.2
[35m[UiAutomator2][39m Using UIAutomator2 server from '/usr/local/lib/node_modules/appium/node_modules/appium-uiautomator2-server/apks/appium-uiautomator2-server-v4.5.2.apk' and test from '/usr/local/lib/node_modules/appium/node_modules/appium-uiautomator2-server/apks/appium-uiautomator2-server-debug-androidTest.apk'
[35m[UiAutomator2][39m Waiting up to 30000ms for UiAutomator2 to be online...
[35m[WD Proxy][39m Got an unexpected response with status undefined: {"errno":"ECONNRESET","code":"ECONNRESET","syscall":"read"}
[35m[WD Proxy][39m Got an unexpected response with status undefined: {"errno":"ECONNRESET","code":"ECONNRESET","syscall":"read"}
[35m[WD Proxy][39m Got an unexpected response with status undefined: {"errno":"ECONNRESET","code":"ECONNRESET","syscall":"read"}
[35m[WD Proxy][39m Determined the downstream protocol as 'W3C'
[35m[AndroidDriver][39m Screen already unlocked, doing nothing
[35m[UiAutomator2][39m Starting 'com.she.sehatq/com.she.sehatq.view.intro.SplashActivity and waiting for 'com.she.sehatq/com.she.sehatq.view.intro.SplashActivity'
[35m[Appium][39m New AndroidUiautomator2Driver session created successfully, session 705020da-ef8d-496b-b25a-8b105332826f added to master session list
[35m[HTTP][39m [37m<-- POST /wd/hub/session [39m[32m200[39m [90m12226 ms - 1229[39m
[35m[HTTP][39m [90m[39m
[35m[HTTP][39m [37m-->[39m [37mGET[39m [37m/wd/hub/session/705020da-ef8d-496b-b25a-8b105332826f[39m
[35m[HTTP][39m [90m{}[39m
[35m[HTTP][39m [37m<-- GET /wd/hub/session/705020da-ef8d-496b-b25a-8b105332826f [39m[32m200[39m [90m30 ms - 1161[39m
[35m[HTTP][39m [90m[39m
[35m[HTTP][39m [37m-->[39m [37mGET[39m [37m/wd/hub/session/705020da-ef8d-496b-b25a-8b105332826f[39m
[35m[HTTP][39m [90m{}[39m
[35m[HTTP][39m [37m<-- GET /wd/hub/session/705020da-ef8d-496b-b25a-8b105332826f [39m[32m200[39m [90m33 ms - 1161[39m
[35m[HTTP][39m [90m[39m
[35m[HTTP][39m [37m-->[39m [37mGET[39m [37m/wd/hub/status[39m
[35m[HTTP][39m [90m{}[39m
[35m[HTTP][39m [37m<-- GET /wd/hub/status [39m[32m200[39m [90m1 ms - 68[39m
[35m[HTTP][39m [90m[39m
[35m[HTTP][39m [37m-->[39m [37mPOST[39m [37m/wd/hub/session/705020da-ef8d-496b-b25a-8b105332826f/timeouts[39m
[35m[HTTP][39m [90m{"implicit":60000}[39m
[35m[HTTP][39m [37m<-- POST /wd/hub/session/705020da-ef8d-496b-b25a-8b105332826f/timeouts [39m[32m200[39m [90m2 ms - 14[39m
[35m[HTTP][39m [90m[39m
[35m[HTTP][39m [37m-->[39m [37mGET[39m [37m/wd/hub/session/705020da-ef8d-496b-b25a-8b105332826f/source[39m
[35m[HTTP][39m [90m{}[39m
[35m[W3C (705020da)][39m Driver proxy active, passing request on via HTTP proxy
[35m[WD Proxy][39m Replacing sessionId 2d7e7d78-df07-4ae7-bd0f-613bf421b8b5 with 705020da-ef8d-496b-b25a-8b105332826f
[35m[HTTP][39m [37m<-- GET /wd/hub/session/705020da-ef8d-496b-b25a-8b105332826f/source [39m[32m200[39m [90m446 ms - 3528[39m
[35m[HTTP][39m [90m[39m
[35m[HTTP][39m [37m-->[39m [37mGET[39m [37m/wd/hub/session/705020da-ef8d-496b-b25a-8b105332826f/screenshot[39m
[35m[HTTP][39m [90m{}[39m
[35m[HTTP][39m [37m<-- GET /wd/hub/session/705020da-ef8d-496b-b25a-8b105332826f/screenshot [39m[32m200[39m [90m784 ms - 186864[39m
[35m[HTTP][39m [90m[39m
[35m[HTTP][39m [37m-->[39m [37mGET[39m [37m/wd/hub/session/705020da-ef8d-496b-b25a-8b105332826f/source[39m
[35m[HTTP][39m [90m{}[39m
[35m[W3C (705020da)][39m Driver proxy active, passing request on via HTTP proxy
[35m[WD Proxy][39m Replacing sessionId 2d7e7d78-df07-4ae7-bd0f-613bf421b8b5 with 705020da-ef8d-496b-b25a-8b105332826f
[35m[HTTP][39m [37m<-- GET /wd/hub/session/705020da-ef8d-496b-b25a-8b105332826f/source [39m[32m200[39m [90m2246 ms - 36967[39m
[35m[HTTP][39m [90m[39m
[35m[HTTP][39m [37m-->[39m [37mGET[39m [37m/wd/hub/session/705020da-ef8d-496b-b25a-8b105332826f/screenshot[39m
[35m[HTTP][39m [90m{}[39m
[35m[HTTP][39m [37m<-- GET /wd/hub/session/705020da-ef8d-496b-b25a-8b105332826f/screenshot [39m[32m200[39m [90m1231 ms - 815814[39m
[35m[HTTP][39m [90m[39m
[35m[HTTP][39m [37m-->[39m [37mGET[39m [37m/wd/hub/session/705020da-ef8d-496b-b25a-8b105332826f/source[39m
[35m[HTTP][39m [90m{}[39m
[35m[W3C (705020da)][39m Driver proxy active, passing request on via HTTP proxy
[35m[WD Proxy][39m Replacing sessionId 2d7e7d78-df07-4ae7-bd0f-613bf421b8b5 with 705020da-ef8d-496b-b25a-8b105332826f
[35m[HTTP][39m [37m<-- GET /wd/hub/session/705020da-ef8d-496b-b25a-8b105332826f/source [39m[32m200[39m [90m1615 ms - 35580[39m
[35m[HTTP][39m [90m[39m
[35m[HTTP][39m [37m-->[39m [37mGET[39m [37m/wd/hub/session/705020da-ef8d-496b-b25a-8b105332826f/screenshot[39m
[35m[HTTP][39m [90m{}[39m
[35m[HTTP][39m [37m<-- GET /wd/hub/session/705020da-ef8d-496b-b25a-8b105332826f/screenshot [39m[32m200[39m [90m748 ms - 262730[39m
[35m[HTTP][39m [90m[39m
[35m[HTTP][39m [37m-->[39m [37mDELETE[39m [37m/wd/hub/session/705020da-ef8d-496b-b25a-8b105332826f[39m
[35m[HTTP][39m [90m{}[39m
[35m[Appium][39m Removing session 705020da-ef8d-496b-b25a-8b105332826f from our master session list
[35m[UiAutomator2][39m Restoring hidden api policy to the device default configuration
[35m[HTTP][39m [37m<-- DELETE /wd/hub/session/705020da-ef8d-496b-b25a-8b105332826f [39m[32m200[39m [90m527 ms - 14[39m
[35m[HTTP][39m [90m[39m
